16:21:13.198 [main] INFO  testCases.Tc_001_AccountRegistrationTest - *********Starting TC_001_AccountRegistrationTest********** 
16:21:13.273 [main] INFO  testCases.Tc_001_AccountRegistrationTest - Clicked on My account link  
16:21:13.559 [main] INFO  testCases.Tc_001_AccountRegistrationTest - Clicked on Register  link  
16:21:13.560 [main] INFO  testCases.Tc_001_AccountRegistrationTest - Providing customer data
16:21:16.340 [main] INFO  testCases.Tc_001_AccountRegistrationTest - Clicked on continue 
16:21:16.367 [main] INFO  testCases.Tc_001_AccountRegistrationTest - Validating expected message
16:21:16.369 [main] INFO  testCases.Tc_001_AccountRegistrationTest - Finished account creation
16:23:24.394 [main] DEBUG io.netty.util.internal.logging.InternalLoggerFactory - Using Log4J2 as the default logging framework
16:23:24.410 [main] DEBUG io.netty.util.ResourceLeakDetector - -Dio.netty.leakDetection.level: simple
16:23:24.410 [main] DEBUG io.netty.util.ResourceLeakDetector - -Dio.netty.leakDetection.targetRecords: 4
16:23:24.413 [main] DEBUG io.netty.util.ResourceLeakDetectorFactory - Loaded default ResourceLeakDetector: io.netty.util.ResourceLeakDetector@37191ef0
16:23:24.424 [main] DEBUG io.netty.util.internal.PlatformDependent0 - -Dio.netty.noUnsafe: false
16:23:24.424 [main] DEBUG io.netty.util.internal.PlatformDependent0 - Java version: 17
16:23:24.425 [main] DEBUG io.netty.util.internal.PlatformDependent0 - sun.misc.Unsafe.theUnsafe: available
16:23:24.425 [main] DEBUG io.netty.util.internal.PlatformDependent0 - sun.misc.Unsafe.copyMemory: available
16:23:24.425 [main] DEBUG io.netty.util.internal.PlatformDependent0 - sun.misc.Unsafe.storeFence: available
16:23:24.426 [main] DEBUG io.netty.util.internal.PlatformDependent0 - java.nio.Buffer.address: available
16:23:24.426 [main] DEBUG io.netty.util.internal.PlatformDependent0 - direct buffer constructor: unavailable: Reflective setAccessible(true) disabled
16:23:24.427 [main] DEBUG io.netty.util.internal.PlatformDependent0 - java.nio.Bits.unaligned: available, true
16:23:24.427 [main] DEBUG io.netty.util.internal.PlatformDependent0 - jdk.internal.misc.Unsafe.allocateUninitializedArray(int): unavailable: class io.netty.util.internal.PlatformDependent0$7 cannot access class jdk.internal.misc.Unsafe (in module java.base) because module java.base does not export jdk.internal.misc to unnamed module @50f8360d
16:23:24.428 [main] DEBUG io.netty.util.internal.PlatformDependent0 - java.nio.DirectByteBuffer.<init>(long, int): unavailable
16:23:24.428 [main] DEBUG io.netty.util.internal.PlatformDependent - sun.misc.Unsafe: available
16:23:24.428 [main] DEBUG io.netty.util.internal.PlatformDependent - maxDirectMemory: 4183818240 bytes (maybe)
16:23:24.429 [main] DEBUG io.netty.util.internal.PlatformDependent - -Dio.netty.tmpdir: C:\Users\sanpr\AppData\Local\Temp (java.io.tmpdir)
16:23:24.429 [main] DEBUG io.netty.util.internal.PlatformDependent - -Dio.netty.bitMode: 64 (sun.arch.data.model)
16:23:24.429 [main] DEBUG io.netty.util.internal.PlatformDependent - Platform: Windows
16:23:24.429 [main] DEBUG io.netty.util.internal.PlatformDependent - -Dio.netty.maxDirectMemory: -1 bytes
16:23:24.429 [main] DEBUG io.netty.util.internal.PlatformDependent - -Dio.netty.uninitializedArrayAllocationThreshold: -1
16:23:24.430 [main] DEBUG io.netty.util.internal.CleanerJava9 - java.nio.ByteBuffer.cleaner(): available
16:23:24.430 [main] DEBUG io.netty.util.internal.PlatformDependent - -Dio.netty.noPreferDirect: false
16:23:24.436 [main] DEBUG io.netty.util.internal.PlatformDependent - org.jctools-core.MpscChunkedArrayQueue: available
16:23:24.446 [main] DEBUG io.netty.util.internal.InternalThreadLocalMap - -Dio.netty.threadLocalMap.stringBuilder.initialSize: 1024
16:23:24.447 [main] DEBUG io.netty.util.internal.InternalThreadLocalMap - -Dio.netty.threadLocalMap.stringBuilder.maxSize: 4096
16:23:24.483 [main] DEBUG io.netty.handler.ssl.JdkSslContext - Default protocols (JDK): [TLSv1.3, TLSv1.2] 
16:23:24.483 [main] DEBUG io.netty.handler.ssl.JdkSslContext - Default cipher suites (JDK): [TLS_ECDHE_ECDSA_WITH_AES_256_GCM_SHA384, TLS_ECDHE_ECDSA_WITH_AES_128_GCM_SHA256, TLS_ECDHE_RSA_WITH_AES_128_GCM_SHA256, TLS_ECDHE_RSA_WITH_AES_256_GCM_SHA384, TLS_ECDHE_RSA_WITH_AES_128_CBC_SHA, TLS_ECDHE_RSA_WITH_AES_256_CBC_SHA, TLS_RSA_WITH_AES_128_GCM_SHA256, TLS_RSA_WITH_AES_128_CBC_SHA, TLS_RSA_WITH_AES_256_CBC_SHA, TLS_AES_128_GCM_SHA256, TLS_AES_256_GCM_SHA384]
16:23:24.490 [main] DEBUG io.netty.util.concurrent.GlobalEventExecutor - -Dio.netty.globalEventExecutor.quietPeriodSeconds: 1
16:23:24.496 [main] DEBUG io.netty.channel.MultithreadEventLoopGroup - -Dio.netty.eventLoopThreads: 32
16:23:24.501 [main] DEBUG io.netty.channel.nio.NioEventLoop - -Dio.netty.noKeySetOptimization: false
16:23:24.501 [main] DEBUG io.netty.channel.nio.NioEventLoop - -Dio.netty.selectorAutoRebuildThreshold: 512
16:23:24.751 [main] DEBUG io.netty.buffer.PooledByteBufAllocator - -Dio.netty.allocator.numHeapArenas: 32
16:23:24.752 [main] DEBUG io.netty.buffer.PooledByteBufAllocator - -Dio.netty.allocator.numDirectArenas: 32
16:23:24.752 [main] DEBUG io.netty.buffer.PooledByteBufAllocator - -Dio.netty.allocator.pageSize: 8192
16:23:24.752 [main] DEBUG io.netty.buffer.PooledByteBufAllocator - -Dio.netty.allocator.maxOrder: 9
16:23:24.752 [main] DEBUG io.netty.buffer.PooledByteBufAllocator - -Dio.netty.allocator.chunkSize: 4194304
16:23:24.752 [main] DEBUG io.netty.buffer.PooledByteBufAllocator - -Dio.netty.allocator.smallCacheSize: 256
16:23:24.752 [main] DEBUG io.netty.buffer.PooledByteBufAllocator - -Dio.netty.allocator.normalCacheSize: 64
16:23:24.752 [main] DEBUG io.netty.buffer.PooledByteBufAllocator - -Dio.netty.allocator.maxCachedBufferCapacity: 32768
16:23:24.752 [main] DEBUG io.netty.buffer.PooledByteBufAllocator - -Dio.netty.allocator.cacheTrimInterval: 8192
16:23:24.752 [main] DEBUG io.netty.buffer.PooledByteBufAllocator - -Dio.netty.allocator.cacheTrimIntervalMillis: 0
16:23:24.752 [main] DEBUG io.netty.buffer.PooledByteBufAllocator - -Dio.netty.allocator.useCacheForAllThreads: false
16:23:24.752 [main] DEBUG io.netty.buffer.PooledByteBufAllocator - -Dio.netty.allocator.maxCachedByteBuffersPerChunk: 1023
16:23:24.760 [main] DEBUG io.netty.buffer.ByteBufUtil - -Dio.netty.allocator.type: pooled
16:23:24.760 [main] DEBUG io.netty.buffer.ByteBufUtil - -Dio.netty.threadLocalDirectBufferSize: 0
16:23:24.760 [main] DEBUG io.netty.buffer.ByteBufUtil - -Dio.netty.maxThreadLocalCharBufferSize: 16384
16:23:24.957 [Forwarding newSession on session null to remote] DEBUG io.netty.channel.DefaultChannelId - -Dio.netty.processId: 6900 (auto-detected)
16:23:24.959 [Forwarding newSession on session null to remote] DEBUG io.netty.util.NetUtil - -Djava.net.preferIPv4Stack: false
16:23:24.959 [Forwarding newSession on session null to remote] DEBUG io.netty.util.NetUtil - -Djava.net.preferIPv6Addresses: false
16:23:24.964 [Forwarding newSession on session null to remote] DEBUG io.netty.util.NetUtilInitializations - Loopback interface: lo (Software Loopback Interface 1, 127.0.0.1)
16:23:24.965 [Forwarding newSession on session null to remote] DEBUG io.netty.util.NetUtil - Failed to get SOMAXCONN from sysctl and file \proc\sys\net\core\somaxconn. Default: 200
16:23:24.976 [Forwarding newSession on session null to remote] DEBUG io.netty.channel.DefaultChannelId - -Dio.netty.machineId: 2c:33:58:ff:fe:3c:8d:b3 (auto-detected)
16:23:25.007 [AsyncHttpClient-1-2] DEBUG io.netty.buffer.AbstractByteBuf - -Dio.netty.buffer.checkAccessible: true
16:23:25.008 [AsyncHttpClient-1-2] DEBUG io.netty.buffer.AbstractByteBuf - -Dio.netty.buffer.checkBounds: true
16:23:25.008 [AsyncHttpClient-1-2] DEBUG io.netty.util.ResourceLeakDetectorFactory - Loaded default ResourceLeakDetector: io.netty.util.ResourceLeakDetector@1fdac567
16:23:25.021 [AsyncHttpClient-1-2] DEBUG io.netty.util.Recycler - -Dio.netty.recycler.maxCapacityPerThread: 4096
16:23:25.021 [AsyncHttpClient-1-2] DEBUG io.netty.util.Recycler - -Dio.netty.recycler.ratio: 8
16:23:25.021 [AsyncHttpClient-1-2] DEBUG io.netty.util.Recycler - -Dio.netty.recycler.chunkSize: 32
16:23:25.021 [AsyncHttpClient-1-2] DEBUG io.netty.util.Recycler - -Dio.netty.recycler.blocking: false
16:23:25.021 [AsyncHttpClient-1-2] DEBUG io.netty.util.Recycler - -Dio.netty.recycler.batchFastThreadLocalOnly: true
16:23:25.628 [AsyncHttpClient-1-2] DEBUG io.netty.handler.codec.compression.Brotli - brotli4j not in the classpath; Brotli support will be unavailable.
16:23:25.678 [main] DEBUG io.netty.util.internal.ThreadLocalRandom - -Dio.netty.initialSeedUniquifier: 0x834a4095e71bd194
16:23:26.352 [main] DEBUG testCases.Tc_001_AccountRegistrationTest - ****** Debug Account Creation *******
16:23:26.352 [main] INFO  testCases.Tc_001_AccountRegistrationTest - *********Starting TC_001_AccountRegistrationTest********** 
16:23:26.594 [main] INFO  testCases.Tc_001_AccountRegistrationTest - Clicked on My account link  
16:23:26.956 [main] INFO  testCases.Tc_001_AccountRegistrationTest - Clicked on Register  link  
16:23:26.957 [main] INFO  testCases.Tc_001_AccountRegistrationTest - Providing customer data
16:23:29.826 [main] INFO  testCases.Tc_001_AccountRegistrationTest - Clicked on continue 
16:23:29.857 [main] INFO  testCases.Tc_001_AccountRegistrationTest - Validating expected message
16:23:29.858 [main] INFO  testCases.Tc_001_AccountRegistrationTest - Finished account creation
16:24:04.641 [main] INFO  testCases.Tc_001_AccountRegistrationTest - *********Starting TC_001_AccountRegistrationTest********** 
16:24:04.838 [main] INFO  testCases.Tc_001_AccountRegistrationTest - Clicked on My account link  
16:24:05.233 [main] INFO  testCases.Tc_001_AccountRegistrationTest - Clicked on Register  link  
16:24:05.235 [main] INFO  testCases.Tc_001_AccountRegistrationTest - Providing customer data
16:24:08.053 [main] INFO  testCases.Tc_001_AccountRegistrationTest - Clicked on continue 
16:24:08.084 [main] INFO  testCases.Tc_001_AccountRegistrationTest - Validating expected message
16:24:08.085 [main] INFO  testCases.Tc_001_AccountRegistrationTest - Finished account creation
16:33:32.472 [main] INFO  testCases.Tc_001_AccountRegistrationTest - *********Starting TC_001_AccountRegistrationTest********** 
16:33:32.638 [main] INFO  testCases.Tc_001_AccountRegistrationTest - Clicked on My account link  
16:33:32.988 [main] INFO  testCases.Tc_001_AccountRegistrationTest - Clicked on Register  link  
16:33:32.990 [main] INFO  testCases.Tc_001_AccountRegistrationTest - Providing customer data
16:33:35.761 [main] INFO  testCases.Tc_001_AccountRegistrationTest - Clicked on continue 
16:33:35.785 [main] INFO  testCases.Tc_001_AccountRegistrationTest - Validating expected message
16:33:35.785 [main] INFO  testCases.Tc_001_AccountRegistrationTest - Finished account creation
16:33:41.849 [main] INFO  testCases.Tc_001_AccountRegistrationTest - *********Starting TC_001_AccountRegistrationTest********** 
16:33:41.967 [main] INFO  testCases.Tc_001_AccountRegistrationTest - Clicked on My account link  
16:33:42.358 [main] INFO  testCases.Tc_001_AccountRegistrationTest - Clicked on Register  link  
16:33:42.359 [main] INFO  testCases.Tc_001_AccountRegistrationTest - Providing customer data
16:33:45.266 [main] INFO  testCases.Tc_001_AccountRegistrationTest - Clicked on continue 
16:33:45.295 [main] INFO  testCases.Tc_001_AccountRegistrationTest - Validating expected message
16:33:45.296 [main] INFO  testCases.Tc_001_AccountRegistrationTest - Finished account creation
16:34:12.047 [main] INFO  testCases.Tc_001_AccountRegistrationTest - *********Starting TC_001_AccountRegistrationTest********** 
16:34:12.164 [main] INFO  testCases.Tc_001_AccountRegistrationTest - Clicked on My account link  
16:34:12.511 [main] INFO  testCases.Tc_001_AccountRegistrationTest - Clicked on Register  link  
16:34:12.513 [main] INFO  testCases.Tc_001_AccountRegistrationTest - Providing customer data
16:34:15.284 [main] INFO  testCases.Tc_001_AccountRegistrationTest - Clicked on continue 
16:34:15.308 [main] INFO  testCases.Tc_001_AccountRegistrationTest - Validating expected message
16:34:15.310 [main] INFO  testCases.Tc_001_AccountRegistrationTest - Finished account creation
16:34:36.140 [main] INFO  testCases.Tc_001_AccountRegistrationTest - *********Starting TC_001_AccountRegistrationTest********** 
16:34:36.245 [main] INFO  testCases.Tc_001_AccountRegistrationTest - Clicked on My account link  
16:34:36.489 [main] INFO  testCases.Tc_001_AccountRegistrationTest - Clicked on Register  link  
16:34:36.490 [main] INFO  testCases.Tc_001_AccountRegistrationTest - Providing customer data
16:34:39.388 [main] INFO  testCases.Tc_001_AccountRegistrationTest - Clicked on continue 
16:34:39.416 [main] INFO  testCases.Tc_001_AccountRegistrationTest - Validating expected message
16:34:39.417 [main] INFO  testCases.Tc_001_AccountRegistrationTest - Finished account creation
16:35:32.366 [main] INFO  testCases.Tc_001_AccountRegistrationTest - *********Starting TC_001_AccountRegistrationTest********** 
16:35:32.552 [main] INFO  testCases.Tc_001_AccountRegistrationTest - Clicked on My account link  
16:35:32.836 [main] INFO  testCases.Tc_001_AccountRegistrationTest - Clicked on Register  link  
16:35:32.837 [main] INFO  testCases.Tc_001_AccountRegistrationTest - Providing customer data
16:35:35.530 [main] INFO  testCases.Tc_001_AccountRegistrationTest - Clicked on continue 
16:35:35.560 [main] INFO  testCases.Tc_001_AccountRegistrationTest - Validating expected message
16:35:35.561 [main] INFO  testCases.Tc_001_AccountRegistrationTest - Finished account creation
08:27:39.161 [main] INFO  testCases.Tc_001_AccountRegistrationTest - *********Starting TC_001_AccountRegistrationTest********** 
08:27:39.212 [main] INFO  testCases.Tc_001_AccountRegistrationTest - Clicked on My account link  
08:27:39.589 [main] INFO  testCases.Tc_001_AccountRegistrationTest - Clicked on Register  link  
08:27:39.591 [main] INFO  testCases.Tc_001_AccountRegistrationTest - Providing customer data
08:27:42.451 [main] INFO  testCases.Tc_001_AccountRegistrationTest - Clicked on continue 
08:27:42.490 [main] INFO  testCases.Tc_001_AccountRegistrationTest - Validating expected message
08:27:42.495 [main] INFO  testCases.Tc_001_AccountRegistrationTest - Finished account creation
08:28:39.931 [main] INFO  testCases.Tc_001_AccountRegistrationTest - *********Starting TC_001_AccountRegistrationTest********** 
08:28:39.985 [main] INFO  testCases.Tc_001_AccountRegistrationTest - Clicked on My account link  
08:28:40.298 [main] INFO  testCases.Tc_001_AccountRegistrationTest - Clicked on Register  link  
08:28:40.299 [main] INFO  testCases.Tc_001_AccountRegistrationTest - Providing customer data
08:28:43.191 [main] INFO  testCases.Tc_001_AccountRegistrationTest - Clicked on continue 
08:28:43.238 [main] INFO  testCases.Tc_001_AccountRegistrationTest - Validating expected message
08:28:43.239 [main] INFO  testCases.Tc_001_AccountRegistrationTest - Finished account creation
10:44:50.633 [main] INFO  testCases.Tc_001_AccountRegistrationTest - *********Starting TC_001_AccountRegistrationTest********** 
10:44:50.682 [main] INFO  testCases.Tc_001_AccountRegistrationTest - Clicked on My account link  
10:44:50.983 [main] INFO  testCases.Tc_001_AccountRegistrationTest - Clicked on Register  link  
10:44:50.984 [main] INFO  testCases.Tc_001_AccountRegistrationTest - Providing customer data
10:44:53.720 [main] INFO  testCases.Tc_001_AccountRegistrationTest - Clicked on continue 
10:44:53.755 [main] INFO  testCases.Tc_001_AccountRegistrationTest - Validating expected message
10:44:53.756 [main] INFO  testCases.Tc_001_AccountRegistrationTest - Finished account creation
10:50:42.356 [TestNG-tests-1] INFO  testCases.Tc_001_AccountRegistrationTest - *********Starting TC_001_AccountRegistrationTest********** 
10:50:42.549 [TestNG-tests-1] INFO  testCases.Tc_001_AccountRegistrationTest - Clicked on My account link  
10:50:42.830 [TestNG-tests-1] INFO  testCases.Tc_001_AccountRegistrationTest - Clicked on Register  link  
10:50:42.831 [TestNG-tests-1] INFO  testCases.Tc_001_AccountRegistrationTest - Providing customer data
10:50:45.031 [TestNG-tests-2] INFO  testCases.Tc_001_AccountRegistrationTest - *********Starting TC_001_AccountRegistrationTest********** 
10:50:45.069 [TestNG-tests-2] INFO  testCases.Tc_001_AccountRegistrationTest - Clicked on My account link  
10:50:45.349 [TestNG-tests-2] INFO  testCases.Tc_001_AccountRegistrationTest - Clicked on Register  link  
10:50:45.350 [TestNG-tests-2] INFO  testCases.Tc_001_AccountRegistrationTest - Providing customer data
10:50:46.077 [TestNG-tests-1] INFO  testCases.Tc_001_AccountRegistrationTest - Clicked on continue 
10:50:46.107 [TestNG-tests-1] INFO  testCases.Tc_001_AccountRegistrationTest - Validating expected message
10:50:46.109 [TestNG-tests-1] INFO  testCases.Tc_001_AccountRegistrationTest - Finished account creation
10:50:48.139 [TestNG-tests-2] INFO  testCases.Tc_001_AccountRegistrationTest - Clicked on continue 
10:50:48.445 [TestNG-tests-2] INFO  testCases.Tc_001_AccountRegistrationTest - Validating expected message
11:30:07.205 [main] INFO  testCases.Tc_001_AccountRegistrationTest - *********Starting TC_001_AccountRegistrationTest********** 
11:30:07.433 [main] INFO  testCases.Tc_001_AccountRegistrationTest - Clicked on My account link  
11:30:07.680 [main] INFO  testCases.Tc_001_AccountRegistrationTest - Clicked on Register  link  
11:30:07.683 [main] INFO  testCases.Tc_001_AccountRegistrationTest - Providing customer data
11:30:10.369 [main] INFO  testCases.Tc_001_AccountRegistrationTest - Clicked on continue 
11:30:10.399 [main] INFO  testCases.Tc_001_AccountRegistrationTest - Validating expected message
11:30:10.400 [main] INFO  testCases.Tc_001_AccountRegistrationTest - Finished account creation
14:20:48.088 [main] INFO  testCases.Tc_001_AccountRegistrationTest - *********Starting TC_001_AccountRegistrationTest********** 
14:20:48.266 [main] INFO  testCases.Tc_001_AccountRegistrationTest - Clicked on My account link  
14:20:48.612 [main] INFO  testCases.Tc_001_AccountRegistrationTest - Clicked on Register  link  
14:20:48.615 [main] INFO  testCases.Tc_001_AccountRegistrationTest - Providing customer data
14:20:51.276 [main] INFO  testCases.Tc_001_AccountRegistrationTest - Clicked on continue 
14:20:51.309 [main] INFO  testCases.Tc_001_AccountRegistrationTest - Validating expected message
14:20:51.311 [main] INFO  testCases.Tc_001_AccountRegistrationTest - Finished account creation
14:23:22.360 [main] INFO  testCases.Tc_001_AccountRegistrationTest - *********Starting TC_001_AccountRegistrationTest********** 
14:23:22.670 [main] INFO  testCases.Tc_001_AccountRegistrationTest - Clicked on My account link  
14:23:23.004 [main] INFO  testCases.Tc_001_AccountRegistrationTest - Clicked on Register  link  
14:23:23.006 [main] INFO  testCases.Tc_001_AccountRegistrationTest - Providing customer data
14:23:23.632 [main] INFO  testCases.Tc_001_AccountRegistrationTest - Clicked on continue 
14:23:49.502 [main] INFO  testCases.Tc_001_AccountRegistrationTest - Validating expected message
14:26:29.916 [main] INFO  testCases.Tc_001_AccountRegistrationTest - *********Starting TC_001_AccountRegistrationTest********** 
14:26:30.243 [main] INFO  testCases.Tc_001_AccountRegistrationTest - Clicked on My account link  
14:26:30.564 [main] INFO  testCases.Tc_001_AccountRegistrationTest - Clicked on Register  link  
14:26:30.565 [main] INFO  testCases.Tc_001_AccountRegistrationTest - Providing customer data
14:26:31.245 [main] INFO  testCases.Tc_001_AccountRegistrationTest - Clicked on continue 
14:26:41.279 [main] INFO  testCases.Tc_001_AccountRegistrationTest - Validating expected message
14:30:27.812 [main] INFO  testCases.Tc_001_AccountRegistrationTest - *********Starting TC_001_AccountRegistrationTest********** 
14:30:28.124 [main] INFO  testCases.Tc_001_AccountRegistrationTest - Clicked on My account link  
14:30:28.533 [main] INFO  testCases.Tc_001_AccountRegistrationTest - Clicked on Register  link  
14:30:28.534 [main] INFO  testCases.Tc_001_AccountRegistrationTest - Providing customer data
14:30:29.274 [main] INFO  testCases.Tc_001_AccountRegistrationTest - Clicked on continue 
14:30:59.312 [main] INFO  testCases.Tc_001_AccountRegistrationTest - *********Starting TC_001_AccountRegistrationTest********** 
14:30:59.330 [main] INFO  testCases.Tc_001_AccountRegistrationTest - Validating expected message
14:30:59.635 [main] INFO  testCases.Tc_001_AccountRegistrationTest - Clicked on My account link  
14:31:00.030 [main] INFO  testCases.Tc_001_AccountRegistrationTest - Clicked on Register  link  
14:31:00.032 [main] INFO  testCases.Tc_001_AccountRegistrationTest - Providing customer data
14:31:00.779 [main] INFO  testCases.Tc_001_AccountRegistrationTest - Clicked on continue 
14:31:30.814 [main] INFO  testCases.Tc_001_AccountRegistrationTest - Validating expected message
14:34:10.033 [main] INFO  testCases.Tc_001_AccountRegistrationTest - *********Starting TC_001_AccountRegistrationTest********** 
14:34:10.283 [main] INFO  testCases.Tc_001_AccountRegistrationTest - Clicked on My account link  
14:34:10.614 [main] INFO  testCases.Tc_001_AccountRegistrationTest - Clicked on Register  link  
14:34:10.616 [main] INFO  testCases.Tc_001_AccountRegistrationTest - Providing customer data
14:34:11.259 [main] INFO  testCases.Tc_001_AccountRegistrationTest - Clicked on continue 
14:34:15.437 [main] INFO  testCases.Tc_001_AccountRegistrationTest - Validating expected message
14:54:09.066 [main] INFO  testCases.Tc_001_AccountRegistrationTest - *********Starting TC_001_AccountRegistrationTest********** 
14:54:09.251 [main] INFO  testCases.Tc_001_AccountRegistrationTest - Clicked on My account link  
14:54:09.645 [main] INFO  testCases.Tc_001_AccountRegistrationTest - Clicked on Register  link  
14:54:09.647 [main] INFO  testCases.Tc_001_AccountRegistrationTest - Providing customer data
14:54:10.215 [main] INFO  testCases.Tc_001_AccountRegistrationTest - Clicked on continue 
14:54:40.254 [main] INFO  testCases.Tc_001_AccountRegistrationTest - Validating expected message
15:03:52.525 [main] INFO  testCases.Tc_001_AccountRegistrationTest - *********Starting TC_001_AccountRegistrationTest********** 
15:03:52.736 [main] INFO  testCases.Tc_001_AccountRegistrationTest - Clicked on My account link  
15:03:53.127 [main] INFO  testCases.Tc_001_AccountRegistrationTest - Clicked on Register  link  
15:03:53.129 [main] INFO  testCases.Tc_001_AccountRegistrationTest - Providing customer data
15:03:53.836 [main] INFO  testCases.Tc_001_AccountRegistrationTest - Clicked on continue 
15:04:00.320 [main] INFO  testCases.Tc_001_AccountRegistrationTest - Validating expected message
07:31:52.009 [main] INFO  testCases.Tc_001_AccountRegistrationTest - *********Starting TC_001_AccountRegistrationTest********** 
07:31:52.190 [main] INFO  testCases.Tc_001_AccountRegistrationTest - Clicked on My account link  
07:31:52.448 [main] INFO  testCases.Tc_001_AccountRegistrationTest - Clicked on Register  link  
07:31:52.450 [main] INFO  testCases.Tc_001_AccountRegistrationTest - Providing customer data
07:31:52.946 [main] INFO  testCases.Tc_001_AccountRegistrationTest - Clicked on continue 
07:32:23.017 [main] INFO  testCases.Tc_001_AccountRegistrationTest - Validating expected message
08:42:13.954 [main] INFO  testCases.Tc_002_LoginTest - ***********Tc_002_Starting Login test ************* 
08:42:14.138 [main] INFO  testCases.Tc_002_LoginTest - Clicked on My account 
08:42:14.999 [main] INFO  testCases.Tc_002_LoginTest - Clicked on Login 
08:42:15.035 [main] INFO  testCases.Tc_002_LoginTest - ***********Tc_002Finished Login test  ************* 
12:47:48.487 [main] INFO  testCases.Tc_003_LoginDDT - *******Starting Tc_003_Login DDT **************
12:47:48.536 [main] INFO  testCases.Tc_003_LoginDDT - Clicked on My account 
12:47:50.959 [main] INFO  testCases.Tc_003_LoginDDT - *******Starting Tc_003_Login DDT **************
12:47:51.138 [main] INFO  testCases.Tc_003_LoginDDT - Clicked on My account 
12:47:53.495 [main] INFO  testCases.Tc_003_LoginDDT - *******Starting Tc_003_Login DDT **************
12:47:53.715 [main] INFO  testCases.Tc_003_LoginDDT - Clicked on My account 
12:47:56.050 [main] INFO  testCases.Tc_003_LoginDDT - *******Starting Tc_003_Login DDT **************
12:47:56.223 [main] INFO  testCases.Tc_003_LoginDDT - Clicked on My account 
12:47:58.727 [main] INFO  testCases.Tc_003_LoginDDT - *******Starting Tc_003_Login DDT **************
12:47:58.950 [main] INFO  testCases.Tc_003_LoginDDT - Clicked on My account 
12:50:10.809 [main] INFO  testCases.Tc_003_LoginDDT - *******Starting Tc_003_Login DDT **************
12:50:10.985 [main] INFO  testCases.Tc_003_LoginDDT - Clicked on My account 
12:50:13.170 [main] INFO  testCases.Tc_003_LoginDDT - *******Starting Tc_003_Login DDT **************
12:50:13.340 [main] INFO  testCases.Tc_003_LoginDDT - Clicked on My account 
12:50:15.698 [main] INFO  testCases.Tc_003_LoginDDT - *******Starting Tc_003_Login DDT **************
12:50:15.920 [main] INFO  testCases.Tc_003_LoginDDT - Clicked on My account 
12:50:18.216 [main] INFO  testCases.Tc_003_LoginDDT - *******Starting Tc_003_Login DDT **************
12:50:18.391 [main] INFO  testCases.Tc_003_LoginDDT - Clicked on My account 
12:50:20.792 [main] INFO  testCases.Tc_003_LoginDDT - *******Starting Tc_003_Login DDT **************
12:50:20.834 [main] INFO  testCases.Tc_003_LoginDDT - Clicked on My account 
12:51:12.500 [main] INFO  testCases.Tc_003_LoginDDT - *******Starting Tc_003_Login DDT **************
12:51:12.694 [main] INFO  testCases.Tc_003_LoginDDT - Clicked on My account 
12:51:14.937 [main] INFO  testCases.Tc_003_LoginDDT - *******Starting Tc_003_Login DDT **************
12:51:15.119 [main] INFO  testCases.Tc_003_LoginDDT - Clicked on My account 
12:51:18.205 [main] INFO  testCases.Tc_003_LoginDDT - *******Starting Tc_003_Login DDT **************
12:51:18.427 [main] INFO  testCases.Tc_003_LoginDDT - Clicked on My account 
12:51:20.715 [main] INFO  testCases.Tc_003_LoginDDT - *******Starting Tc_003_Login DDT **************
12:51:20.900 [main] INFO  testCases.Tc_003_LoginDDT - Clicked on My account 
12:51:23.165 [main] INFO  testCases.Tc_003_LoginDDT - *******Starting Tc_003_Login DDT **************
12:51:23.348 [main] INFO  testCases.Tc_003_LoginDDT - Clicked on My account 
12:56:05.205 [main] INFO  testCases.Tc_003_LoginDDT - *******Starting Tc_003_Login DDT **************
12:56:05.398 [main] INFO  testCases.Tc_003_LoginDDT - Clicked on My account 
12:56:07.759 [main] INFO  testCases.Tc_003_LoginDDT - *******Starting Tc_003_Login DDT **************
12:56:07.997 [main] INFO  testCases.Tc_003_LoginDDT - Clicked on My account 
12:56:10.258 [main] INFO  testCases.Tc_003_LoginDDT - *******Starting Tc_003_Login DDT **************
12:56:10.293 [main] INFO  testCases.Tc_003_LoginDDT - Clicked on My account 
12:56:12.510 [main] INFO  testCases.Tc_003_LoginDDT - *******Starting Tc_003_Login DDT **************
12:56:12.743 [main] INFO  testCases.Tc_003_LoginDDT - Clicked on My account 
12:56:14.983 [main] INFO  testCases.Tc_003_LoginDDT - *******Starting Tc_003_Login DDT **************
12:56:15.163 [main] INFO  testCases.Tc_003_LoginDDT - Clicked on My account 
12:59:33.276 [main] INFO  testCases.Tc_003_LoginDDT - *******Starting Tc_003_Login DDT **************
12:59:33.458 [main] INFO  testCases.Tc_003_LoginDDT - Clicked on My account 
12:59:35.822 [main] INFO  testCases.Tc_003_LoginDDT - *******Starting Tc_003_Login DDT **************
12:59:36.041 [main] INFO  testCases.Tc_003_LoginDDT - Clicked on My account 
12:59:38.245 [main] INFO  testCases.Tc_003_LoginDDT - *******Starting Tc_003_Login DDT **************
12:59:38.495 [main] INFO  testCases.Tc_003_LoginDDT - Clicked on My account 
12:59:40.639 [main] INFO  testCases.Tc_003_LoginDDT - *******Starting Tc_003_Login DDT **************
12:59:40.856 [main] INFO  testCases.Tc_003_LoginDDT - Clicked on My account 
12:59:43.147 [main] INFO  testCases.Tc_003_LoginDDT - *******Starting Tc_003_Login DDT **************
12:59:43.343 [main] INFO  testCases.Tc_003_LoginDDT - Clicked on My account 
13:02:05.082 [main] INFO  testCases.Tc_003_LoginDDT - *******Starting Tc_003_Login DDT **************
13:02:05.269 [main] INFO  testCases.Tc_003_LoginDDT - Clicked on My account 
13:02:07.620 [main] INFO  testCases.Tc_003_LoginDDT - *******Starting Tc_003_Login DDT **************
13:02:07.841 [main] INFO  testCases.Tc_003_LoginDDT - Clicked on My account 
13:02:10.099 [main] INFO  testCases.Tc_003_LoginDDT - *******Starting Tc_003_Login DDT **************
13:02:10.284 [main] INFO  testCases.Tc_003_LoginDDT - Clicked on My account 
13:02:12.506 [main] INFO  testCases.Tc_003_LoginDDT - *******Starting Tc_003_Login DDT **************
13:02:12.744 [main] INFO  testCases.Tc_003_LoginDDT - Clicked on My account 
13:02:14.938 [main] INFO  testCases.Tc_003_LoginDDT - *******Starting Tc_003_Login DDT **************
13:02:15.155 [main] INFO  testCases.Tc_003_LoginDDT - Clicked on My account 
14:48:43.138 [main] INFO  testCases.TC_003_LoginDataDrivenTest -  Starting TC_003_LoginDataDrivenTest 
14:48:47.345 [main] INFO  testCases.TC_003_LoginDataDrivenTest -  Finished TC_003_LoginDataDrivenTest
14:48:47.360 [main] INFO  testCases.TC_003_LoginDataDrivenTest -  Starting TC_003_LoginDataDrivenTest 
14:49:35.765 [main] INFO  testCases.TC_003_LoginDataDrivenTest -  Starting TC_003_LoginDataDrivenTest 
14:49:46.513 [main] INFO  testCases.TC_003_LoginDataDrivenTest -  Finished TC_003_LoginDataDrivenTest
14:49:46.521 [main] INFO  testCases.TC_003_LoginDataDrivenTest -  Starting TC_003_LoginDataDrivenTest 
14:49:57.115 [main] INFO  testCases.TC_003_LoginDataDrivenTest -  Finished TC_003_LoginDataDrivenTest
14:49:57.117 [main] INFO  testCases.TC_003_LoginDataDrivenTest -  Starting TC_003_LoginDataDrivenTest 
14:50:07.760 [main] INFO  testCases.TC_003_LoginDataDrivenTest -  Finished TC_003_LoginDataDrivenTest
14:50:07.763 [main] INFO  testCases.TC_003_LoginDataDrivenTest -  Starting TC_003_LoginDataDrivenTest 
14:50:18.344 [main] INFO  testCases.TC_003_LoginDataDrivenTest -  Finished TC_003_LoginDataDrivenTest
14:50:18.345 [main] INFO  testCases.TC_003_LoginDataDrivenTest -  Starting TC_003_LoginDataDrivenTest 
14:50:19.323 [main] INFO  testCases.TC_003_LoginDataDrivenTest -  Finished TC_003_LoginDataDrivenTest
14:53:42.007 [main] INFO  testCases.TC_001_AccountRegistrationTest - ***  Starting TC_001_AccountRegistrationTest ***
14:53:42.188 [main] INFO  testCases.TC_001_AccountRegistrationTest - Clicked on My account link
14:53:42.571 [main] INFO  testCases.TC_001_AccountRegistrationTest - Clicked on register link
14:53:42.573 [main] INFO  testCases.TC_001_AccountRegistrationTest - Providing customer data
14:53:45.345 [main] INFO  testCases.TC_001_AccountRegistrationTest - Clicked on continue
14:53:45.408 [main] INFO  testCases.TC_001_AccountRegistrationTest - Validating expected message
14:53:45.409 [main] INFO  testCases.TC_001_AccountRegistrationTest - ***  Finished TC_001_AccountRegistrationTest ***
14:55:04.123 [main] INFO  testCases.TC_001_AccountRegistrationTest - ***  Starting TC_001_AccountRegistrationTest ***
14:55:04.305 [main] INFO  testCases.TC_001_AccountRegistrationTest - Clicked on My account link
14:55:04.568 [main] INFO  testCases.TC_001_AccountRegistrationTest - Clicked on register link
14:55:04.570 [main] INFO  testCases.TC_001_AccountRegistrationTest - Providing customer data
14:55:07.228 [main] INFO  testCases.TC_001_AccountRegistrationTest - Clicked on continue
14:55:07.292 [main] INFO  testCases.TC_001_AccountRegistrationTest - Validating expected message
14:55:07.293 [main] INFO  testCases.TC_001_AccountRegistrationTest - ***  Finished TC_001_AccountRegistrationTest ***
14:55:08.974 [main] INFO  testCases.TC_002_LoginTest - ***********Tc_002_Starting Login test ************* 
14:55:09.210 [main] INFO  testCases.TC_002_LoginTest - Clicked on My account 
14:55:10.307 [main] INFO  testCases.TC_002_LoginTest - Clicked on Login 
14:55:10.341 [main] INFO  testCases.TC_002_LoginTest - ***********Tc_002Finished Login test  ************* 
17:44:59.808 [main] INFO  testCases.TC_001_AccountRegistrationTest - ***  Starting TC_001_AccountRegistrationTest ***
17:44:59.988 [main] INFO  testCases.TC_001_AccountRegistrationTest - Clicked on My account link
17:45:00.258 [main] INFO  testCases.TC_001_AccountRegistrationTest - Clicked on register link
17:45:00.260 [main] INFO  testCases.TC_001_AccountRegistrationTest - Providing customer data
17:45:02.992 [main] INFO  testCases.TC_001_AccountRegistrationTest - Clicked on continue
17:45:03.026 [main] INFO  testCases.TC_001_AccountRegistrationTest - Validating expected message
17:45:03.027 [main] INFO  testCases.TC_001_AccountRegistrationTest - ***  Finished TC_001_AccountRegistrationTest ***
17:45:04.713 [main] INFO  testCases.TC_002_LoginTest - ***********Tc_002_Starting Login test ************* 
17:45:04.935 [main] INFO  testCases.TC_002_LoginTest - Clicked on My account 
17:45:05.605 [main] INFO  testCases.TC_002_LoginTest - Clicked on Login 
17:45:05.637 [main] INFO  testCases.TC_002_LoginTest - ***********Tc_002Finished Login test  ************* 
17:45:41.667 [main] INFO  testCases.TC_002_LoginTest - ***********Tc_002_Starting Login test ************* 
17:45:41.870 [main] INFO  testCases.TC_002_LoginTest - Clicked on My account 
17:45:42.568 [main] INFO  testCases.TC_002_LoginTest - Clicked on Login 
17:45:42.602 [main] INFO  testCases.TC_002_LoginTest - ***********Tc_002Finished Login test  ************* 
17:51:31.427 [main] INFO  testCases.TC_001_AccountRegistrationTest - ***  Starting TC_001_AccountRegistrationTest ***
17:51:31.613 [main] INFO  testCases.TC_001_AccountRegistrationTest - Clicked on My account link
17:51:31.885 [main] INFO  testCases.TC_001_AccountRegistrationTest - Clicked on register link
17:51:31.886 [main] INFO  testCases.TC_001_AccountRegistrationTest - Providing customer data
17:51:34.602 [main] INFO  testCases.TC_001_AccountRegistrationTest - Clicked on continue
17:51:34.634 [main] INFO  testCases.TC_001_AccountRegistrationTest - Validating expected message
17:51:36.475 [main] INFO  testCases.TC_002_LoginTest - ***********Tc_002_Starting Login test ************* 
17:51:36.647 [main] INFO  testCases.TC_002_LoginTest - Clicked on My account 
17:51:37.855 [main] INFO  testCases.TC_002_LoginTest - Clicked on Login 
17:51:37.887 [main] INFO  testCases.TC_002_LoginTest - ***********Tc_002Finished Login test  ************* 
17:52:38.729 [main] INFO  testCases.TC_001_AccountRegistrationTest - ***  Starting TC_001_AccountRegistrationTest ***
17:52:38.928 [main] INFO  testCases.TC_001_AccountRegistrationTest - Clicked on My account link
17:52:39.193 [main] INFO  testCases.TC_001_AccountRegistrationTest - Clicked on register link
17:52:39.194 [main] INFO  testCases.TC_001_AccountRegistrationTest - Providing customer data
17:52:41.921 [main] INFO  testCases.TC_001_AccountRegistrationTest - Clicked on continue
17:52:41.956 [main] INFO  testCases.TC_001_AccountRegistrationTest - Validating expected message
17:52:41.957 [main] INFO  testCases.TC_001_AccountRegistrationTest - ***  Finished TC_001_AccountRegistrationTest ***
17:54:48.634 [main] INFO  testCases.TC_001_AccountRegistrationTest - ***  Starting TC_001_AccountRegistrationTest ***
17:54:48.684 [main] INFO  testCases.TC_001_AccountRegistrationTest - Clicked on My account link
17:54:48.973 [main] INFO  testCases.TC_001_AccountRegistrationTest - Clicked on register link
17:54:48.976 [main] INFO  testCases.TC_001_AccountRegistrationTest - Providing customer data
17:54:51.673 [main] INFO  testCases.TC_001_AccountRegistrationTest - Clicked on continue
17:54:51.746 [main] INFO  testCases.TC_001_AccountRegistrationTest - Validating expected message
17:54:51.748 [main] INFO  testCases.TC_001_AccountRegistrationTest - ***  Finished TC_001_AccountRegistrationTest ***
17:54:53.469 [main] INFO  testCases.TC_002_LoginTest - ***********Tc_002_Starting Login test ************* 
17:54:53.505 [main] INFO  testCases.TC_002_LoginTest - Clicked on My account 
17:54:54.164 [main] INFO  testCases.TC_002_LoginTest - Clicked on Login 
09:00:16.157 [main] INFO  testCases.TC_001_AccountRegistrationTest - ***  Starting TC_001_AccountRegistrationTest ***
09:00:16.446 [main] INFO  testCases.TC_001_AccountRegistrationTest - Clicked on My account link
09:00:16.803 [main] INFO  testCases.TC_001_AccountRegistrationTest - Clicked on register link
09:00:16.804 [main] INFO  testCases.TC_001_AccountRegistrationTest - Providing customer data
09:00:19.601 [main] INFO  testCases.TC_001_AccountRegistrationTest - Clicked on continue
09:00:19.655 [main] INFO  testCases.TC_001_AccountRegistrationTest - Validating expected message
09:00:19.660 [main] INFO  testCases.TC_001_AccountRegistrationTest - ***  Finished TC_001_AccountRegistrationTest ***
09:00:21.636 [main] INFO  testCases.TC_002_LoginTest - ***********Tc_002_Starting Login test ************* 
09:00:21.953 [main] INFO  testCases.TC_002_LoginTest - Clicked on My account 
09:00:23.242 [main] INFO  testCases.TC_002_LoginTest - Clicked on Login 
09:00:23.270 [main] INFO  testCases.TC_002_LoginTest - ***********Tc_002Finished Login test  ************* 
10:33:24.510 [main] INFO  testCases.TC_001_AccountRegistrationTest - ***  Starting TC_001_AccountRegistrationTest ***
10:33:24.696 [main] INFO  testCases.TC_001_AccountRegistrationTest - Clicked on My account link
10:33:25.119 [main] INFO  testCases.TC_001_AccountRegistrationTest - Clicked on register link
10:33:25.121 [main] INFO  testCases.TC_001_AccountRegistrationTest - Providing customer data
10:33:28.090 [main] INFO  testCases.TC_001_AccountRegistrationTest - Clicked on continue
10:33:28.126 [main] INFO  testCases.TC_001_AccountRegistrationTest - Validating expected message
10:33:28.128 [main] INFO  testCases.TC_001_AccountRegistrationTest - ***  Finished TC_001_AccountRegistrationTest ***
10:33:29.898 [main] INFO  testCases.TC_002_LoginTest - ***********Tc_002_Starting Login test ************* 
10:33:30.134 [main] INFO  testCases.TC_002_LoginTest - Clicked on My account 
10:33:30.832 [main] INFO  testCases.TC_002_LoginTest - Clicked on Login 
10:33:30.869 [main] INFO  testCases.TC_002_LoginTest - ***********Tc_002Finished Login test  ************* 
10:46:59.761 [main] INFO  testCases.TC_001_AccountRegistrationTest - ***  Starting TC_001_AccountRegistrationTest ***
10:46:59.945 [main] INFO  testCases.TC_001_AccountRegistrationTest - Clicked on My account link
10:47:00.340 [main] INFO  testCases.TC_001_AccountRegistrationTest - Clicked on register link
10:47:00.343 [main] INFO  testCases.TC_001_AccountRegistrationTest - Providing customer data
10:47:03.092 [main] INFO  testCases.TC_001_AccountRegistrationTest - Clicked on continue
10:47:03.123 [main] INFO  testCases.TC_001_AccountRegistrationTest - Validating expected message
10:47:03.125 [main] INFO  testCases.TC_001_AccountRegistrationTest - ***  Finished TC_001_AccountRegistrationTest ***
10:47:04.826 [main] INFO  testCases.TC_002_LoginTest - ***********Tc_002_Starting Login test ************* 
10:47:05.004 [main] INFO  testCases.TC_002_LoginTest - Clicked on My account 
10:47:05.629 [main] INFO  testCases.TC_002_LoginTest - Clicked on Login 
10:47:05.665 [main] INFO  testCases.TC_002_LoginTest - ***********Tc_002Finished Login test  ************* 
10:58:16.798 [main] INFO  testCases.TC_001_AccountRegistrationTest - ***  Starting TC_001_AccountRegistrationTest ***
10:58:16.990 [main] INFO  testCases.TC_001_AccountRegistrationTest - Clicked on My account link
10:58:17.446 [main] INFO  testCases.TC_001_AccountRegistrationTest - Clicked on register link
10:58:17.451 [main] INFO  testCases.TC_001_AccountRegistrationTest - Providing customer data
10:58:20.432 [main] INFO  testCases.TC_001_AccountRegistrationTest - Clicked on continue
10:58:20.473 [main] INFO  testCases.TC_001_AccountRegistrationTest - Validating expected message
10:58:20.476 [main] INFO  testCases.TC_001_AccountRegistrationTest - ***  Finished TC_001_AccountRegistrationTest ***
10:58:22.342 [main] INFO  testCases.TC_002_LoginTest - ***********Tc_002_Starting Login test ************* 
10:58:22.583 [main] INFO  testCases.TC_002_LoginTest - Clicked on My account 
10:58:23.452 [main] INFO  testCases.TC_002_LoginTest - Clicked on Login 
10:58:23.486 [main] INFO  testCases.TC_002_LoginTest - ***********Tc_002Finished Login test  ************* 
11:08:29.661 [main] INFO  testCases.TC_001_AccountRegistrationTest - ***  Starting TC_001_AccountRegistrationTest ***
11:08:29.858 [main] INFO  testCases.TC_001_AccountRegistrationTest - Clicked on My account link
11:08:30.133 [main] INFO  testCases.TC_001_AccountRegistrationTest - Clicked on register link
11:08:30.137 [main] INFO  testCases.TC_001_AccountRegistrationTest - Providing customer data
11:08:32.830 [main] INFO  testCases.TC_001_AccountRegistrationTest - Clicked on continue
11:08:32.864 [main] INFO  testCases.TC_001_AccountRegistrationTest - Validating expected message
11:08:32.867 [main] INFO  testCases.TC_001_AccountRegistrationTest - ***  Finished TC_001_AccountRegistrationTest ***
11:08:34.702 [main] INFO  testCases.TC_002_LoginTest - ***********Tc_002_Starting Login test ************* 
11:08:34.924 [main] INFO  testCases.TC_002_LoginTest - Clicked on My account 
11:08:35.696 [main] INFO  testCases.TC_002_LoginTest - Clicked on Login 
11:08:35.729 [main] INFO  testCases.TC_002_LoginTest - ***********Tc_002Finished Login test  ************* 
